<?xml version="1.0" encoding="UTF-8"?>
<testsuite xmlns:xsi="http://www.w3.org/2001/XMLSchema-instance" xsi:schemaLocation="https://maven.apache.org/surefire/maven-surefire-plugin/xsd/surefire-test-report.xsd" name="net.serenitybdd.olx.acceptancetest.AcceptanceTestSuiteC" time="104.565" tests="20" errors="0" skipped="0" failures="0">
  <properties>
[...]
</properties>
  <testcase name="BeforeStories" classname="java.lang.Object" time="0.016"/>
  <testcase name="Given Customer is on the Olx site main page" classname="net.serenitybdd.olx.steps.LoginDefinition" time="16.224"/>
  <testcase name="When Customer want to log in Olx site by using &apos;My Profile&apos; link" classname="net.serenitybdd.olx.steps.LoginDefinition" time="5.04"/>
  <testcase name="Then Customer has been redirected to Login Page" classname="net.serenitybdd.olx.steps.LoginDefinition" time="1.241"/>
  <testcase name="And He is able lo log to Olx by using correct credentials" classname="net.serenitybdd.olx.steps.LoginDefinition" time="13.777"/>
  <testcase name="Scenario: olx login" classname="Scenario: olx login" time="14.034"/>
  <testcase name="LoginOlx․story" classname="LoginOlx․story" time="14.046"/>
  <testcase name="Given Customer is on the Olx site main page​" classname="net.serenitybdd.olx.steps.LoginDefinition" time="10.83"/>
  <testcase name="When Customer want to log in Olx site by using &apos;My Profile&apos; link​" classname="net.serenitybdd.olx.steps.LoginDefinition" time="4.964"/>
  <testcase name="Then Customer has been redirected to Login Page​" classname="net.serenitybdd.olx.steps.LoginDefinition" time="0.998"/>
  <testcase name="And He is able lo log to Olx by using correct credentials​" classname="net.serenitybdd.olx.steps.LoginDefinition" time="12.219"/>
  <testcase name="Scenario: olx login​" classname="Scenario: olx login​" time="12.328"/>
  <testcase name="LoginOlx2․story" classname="LoginOlx2․story" time="12.338"/>
  <testcase name="Given Customer is on the Olx site main page​​" classname="net.serenitybdd.olx.steps.LoginDefinition" time="10.37"/>
  <testcase name="When Customer want to log in Olx site by using &apos;My Profile&apos; link​​" classname="net.serenitybdd.olx.steps.LoginDefinition" time="4.695"/>
  <testcase name="Then Customer has been redirected to Login Page​​" classname="net.serenitybdd.olx.steps.LoginDefinition" time="1.012"/>
  <testcase name="And He is able lo log to Olx by using correct credentials​​" classname="net.serenitybdd.olx.steps.LoginDefinition" time="11.627"/>
  <testcase name="Scenario: olx login​​" classname="Scenario: olx login​​" time="11.732"/>
  <testcase name="LoginOlx3․story" classname="LoginOlx3․story" time="11.737"/>
  <testcase name="AfterStories" classname="java.lang.Object" time="3.095"/>
</testsuite>